<?xml version="1.0" encoding="UTF-8"?>
<!-- Generated by org.testng.reporters.JUnitXMLReporter -->
<testsuite hostname="LAPTOP-1BS0KE5L" ignored="0" name="Regression Test 1" tests="10" failures="0" timestamp="17 Dec 2020 11:45:51 GMT" time="0.235" errors="0">
  <testcase name="Logout" time="0.023" classname="org.package1.Flipkart"/>
  <testcase name="Payment" time="0.007" classname="org.package1.Flipkart"/>
  <testcase name="registeruser" time="0.008" classname="org.package1.Flipkart"/>
  <testcase name="selectProductandaddtocart" time="0.003" classname="org.package1.Flipkart"/>
  <testcase name="userlogin" time="0.003" classname="org.package1.Flipkart"/>
  <testcase name="Logout" time="0.005" classname="org.package2.Amazon"/>
  <testcase name="Payment" time="0.002" classname="org.package2.Amazon"/>
  <testcase name="registeruser" time="0.002" classname="org.package2.Amazon"/>
  <testcase name="selectProductandaddtocart" time="0.003" classname="org.package2.Amazon"/>
  <testcase name="userlogin" time="0.002" classname="org.package2.Amazon"/>
</testsuite> <!-- Regression Test 1 -->
